[2016-11-11 16:37:51] production.ERROR: exception 'ErrorException' with message 'file_put_contents(/var/www/tourism/storage/framework/cache/60/92/6092f12922a2e92b9326eda3034141f9): failed to open stream: Permission denied' in /var/www/tourism/vendor/laravel/framework/src/Illuminate/Filesystem/Filesystem.php:81
Stack trace:
#0 [internal function]: Illuminate\Foundation\Bootstrap\HandleExceptions->handleError(2, 'file_put_conten...', '/var/www/touris...', 81, Array)
#1 /var/www/tourism/vendor/laravel/framework/src/Illuminate/Filesystem/Filesystem.php(81): file_put_contents('/var/www/touris...', '1478968671s:328...', 0)
#2 /var/www/tourism/vendor/october/rain/src/Filesystem/Filesystem.php(200): Illuminate\Filesystem\Filesystem->put('/var/www/touris...', '1478968671s:328...', false)
#3 /var/www/tourism/vendor/laravel/framework/src/Illuminate/Cache/FileStore.php(102): October\Rain\Filesystem\Filesystem->put('/var/www/touris...', '1478968671s:328...')
#4 /var/www/tourism/vendor/laravel/framework/src/Illuminate/Cache/Repository.php(140): Illuminate\Cache\FileStore->put('cms-php-file-da...', 'YTo5OntzOjQ4OiI...', 1440)
#5 [internal function]: Illuminate\Cache\Repository->put('cms-php-file-da...', 'YTo5OntzOjQ4OiI...', 1440)
#6 /var/www/tourism/vendor/laravel/framework/src/Illuminate/Cache/CacheManager.php(318): call_user_func_array(Array, Array)
#7 /var/www/tourism/vendor/laravel/framework/src/Illuminate/Support/Facades/Facade.php(219): Illuminate\Cache\CacheManager->__call('put', Array)
#8 /var/www/tourism/vendor/laravel/framework/src/Illuminate/Support/Facades/Facade.php(219): Illuminate\Cache\CacheManager->put('cms-php-file-da...', 'YTo5OntzOjQ4OiI...', 1440)
#9 /var/www/tourism/modules/cms/classes/CodeParser.php(228): Illuminate\Support\Facades\Facade::__callStatic('put', Array)
#10 /var/www/tourism/modules/cms/classes/CodeParser.php(228): Illuminate\Support\Facades\Cache::put('cms-php-file-da...', 'YTo5OntzOjQ4OiI...', 1440)
#11 /var/www/tourism/modules/cms/classes/CodeParser.php(114): Cms\Classes\CodeParser->storeCachedInfo(Array)
#12 /var/www/tourism/modules/cms/classes/CodeParser.php(173): Cms\Classes\CodeParser->parse()
#13 /var/www/tourism/modules/cms/classes/Controller.php(531): Cms\Classes\CodeParser->source(Object(Cms\Classes\Page), Object(Cms\Classes\Layout), Object(Cms\Classes\Controller))
#14 /var/www/tourism/modules/cms/classes/Controller.php(307): Cms\Classes\Controller->initCustomObjects()
#15 /var/www/tourism/modules/cms/classes/Controller.php(215): Cms\Classes\Controller->runPage(Object(Cms\Classes\Page))
#16 /var/www/tourism/modules/cms/classes/CmsController.php(48): Cms\Classes\Controller->run('/')
#17 [internal function]: Cms\Classes\CmsController->run('/')
#18 /var/www/tourism/vendor/laravel/framework/src/Illuminate/Routing/Controller.php(256): call_user_func_array(Array, Array)
#19 /var/www/tourism/vendor/laravel/framework/src/Illuminate/Routing/ControllerDispatcher.php(164): Illuminate\Routing\Controller->callAction('run', Array)
#20 /var/www/tourism/vendor/laravel/framework/src/Illuminate/Routing/ControllerDispatcher.php(112): Illuminate\Routing\ControllerDispatcher->call(Object(Cms\Classes\CmsController), Object(Illuminate\Routing\Route), 'run')
#21 [internal function]: Illuminate\Routing\ControllerDispatcher->Illuminate\Routing\{closure}(Object(Illuminate\Http\Request))
#22 /var/www/tourism/vendor/laravel/framework/src/Illuminate/Pipeline/Pipeline.php(139): call_user_func(Object(Closure), Object(Illuminate\Http\Request))
#23 [internal function]: Illuminate\Pipeline\Pipeline->Illuminate\Pipeline\{closure}(Object(Illuminate\Http\Request))
#24 /var/www/tourism/vendor/laravel/framework/src/Illuminate/Pipeline/Pipeline.php(103): call_user_func(Object(Closure), Object(Illuminate\Http\Request))
#25 /var/www/tourism/vendor/laravel/framework/src/Illuminate/Routing/ControllerDispatcher.php(114): Illuminate\Pipeline\Pipeline->then(Object(Closure))
#26 /var/www/tourism/vendor/laravel/framework/src/Illuminate/Routing/ControllerDispatcher.php(69): Illuminate\Routing\ControllerDispatcher->callWithinStack(Object(Cms\Classes\CmsController), Object(Illuminate\Routing\Route), Object(Illuminate\Http\Request), 'run')
#27 /var/www/tourism/vendor/laravel/framework/src/Illuminate/Routing/Route.php(203): Illuminate\Routing\ControllerDispatcher->dispatch(Object(Illuminate\Routing\Route), Object(Illuminate\Http\Request), 'Cms\Classes\Cms...', 'run')
#28 /var/www/tourism/vendor/laravel/framework/src/Illuminate/Routing/Route.php(134): Illuminate\Routing\Route->runWithCustomDispatcher(Object(Illuminate\Http\Request))
#29 /var/www/tourism/vendor/laravel/framework/src/Illuminate/Routing/Router.php(708): Illuminate\Routing\Route->run(Object(Illuminate\Http\Request))
#30 [internal function]: Illuminate\Routing\Router->Illuminate\Routing\{closure}(Object(Illuminate\Http\Request))
#31 /var/www/tourism/vendor/laravel/framework/src/Illuminate/Pipeline/Pipeline.php(139): call_user_func(Object(Closure), Object(Illuminate\Http\Request))
#32 [internal function]: Illuminate\Pipeline\Pipeline->Illuminate\Pipeline\{closure}(Object(Illuminate\Http\Request))
#33 /var/www/tourism/vendor/laravel/framework/src/Illuminate/Pipeline/Pipeline.php(103): call_user_func(Object(Closure), Object(Illuminate\Http\Request))
#34 /var/www/tourism/vendor/laravel/framework/src/Illuminate/Routing/Router.php(710): Illuminate\Pipeline\Pipeline->then(Object(Closure))
#35 /var/www/tourism/vendor/laravel/framework/src/Illuminate/Routing/Router.php(675): Illuminate\Routing\Router->runRouteWithinStack(Object(Illuminate\Routing\Route), Object(Illuminate\Http\Request))
#36 /var/www/tourism/vendor/laravel/framework/src/Illuminate/Routing/Router.php(635): Illuminate\Routing\Router->dispatchToRoute(Object(Illuminate\Http\Request))
#37 /var/www/tourism/vendor/laravel/framework/src/Illuminate/Foundation/Http/Kernel.php(236): Illuminate\Routing\Router->dispatch(Object(Illuminate\Http\Request))
#38 [internal function]: Illuminate\Foundation\Http\Kernel->Illuminate\Foundation\Http\{closure}(Object(Illuminate\Http\Request))
#39 /var/www/tourism/vendor/laravel/framework/src/Illuminate/Pipeline/Pipeline.php(139): call_user_func(Object(Closure), Object(Illuminate\Http\Request))
#40 /var/www/tourism/vendor/laravel/framework/src/Illuminate/View/Middleware/ShareErrorsFromSession.php(49): Illuminate\Pipeline\Pipeline->Illuminate\Pipeline\{closure}(Object(Illuminate\Http\Request))
#41 [internal function]: Illuminate\View\Middleware\ShareErrorsFromSession->handle(Object(Illuminate\Http\Request), Object(Closure))
#42 /var/www/tourism/vendor/laravel/framework/src/Illuminate/Pipeline/Pipeline.php(124): call_user_func_array(Array, Array)
#43 /var/www/tourism/vendor/laravel/framework/src/Illuminate/Session/Middleware/StartSession.php(62): Illuminate\Pipeline\Pipeline->Illuminate\Pipeline\{closure}(Object(Illuminate\Http\Request))
#44 [internal function]: Illuminate\Session\Middleware\StartSession->handle(Object(Illuminate\Http\Request), Object(Closure))
#45 /var/www/tourism/vendor/laravel/framework/src/Illuminate/Pipeline/Pipeline.php(124): call_user_func_array(Array, Array)
#46 /var/www/tourism/vendor/laravel/framework/src/Illuminate/Cookie/Middleware/AddQueuedCookiesToResponse.php(37): Illuminate\Pipeline\Pipeline->Illuminate\Pipeline\{closure}(Object(Illuminate\Http\Request))
#47 [internal function]: Illuminate\Cookie\Middleware\AddQueuedCookiesToResponse->handle(Object(Illuminate\Http\Request), Object(Closure))
#48 /var/www/tourism/vendor/laravel/framework/src/Illuminate/Pipeline/Pipeline.php(124): call_user_func_array(Array, Array)
#49 /var/www/tourism/vendor/laravel/framework/src/Illuminate/Cookie/Middleware/EncryptCookies.php(59): Illuminate\Pipeline\Pipeline->Illuminate\Pipeline\{closure}(Object(Illuminate\Http\Request))
#50 [internal function]: Illuminate\Cookie\Middleware\EncryptCookies->handle(Object(Illuminate\Http\Request), Object(Closure))
#51 /var/www/tourism/vendor/laravel/framework/src/Illuminate/Pipeline/Pipeline.php(124): call_user_func_array(Array, Array)
#52 /var/www/tourism/vendor/laravel/framework/src/Illuminate/Foundation/Http/Middleware/CheckForMaintenanceMode.php(44): Illuminate\Pipeline\Pipeline->Illuminate\Pipeline\{closure}(Object(Illuminate\Http\Request))
#53 [internal function]: Illuminate\Foundation\Http\Middleware\CheckForMaintenanceMode->handle(Object(Illuminate\Http\Request), Object(Closure))
#54 /var/www/tourism/vendor/laravel/framework/src/Illuminate/Pipeline/Pipeline.php(124): call_user_func_array(Array, Array)
#55 [internal function]: Illuminate\Pipeline\Pipeline->Illuminate\Pipeline\{closure}(Object(Illuminate\Http\Request))
#56 /var/www/tourism/vendor/laravel/framework/src/Illuminate/Pipeline/Pipeline.php(103): call_user_func(Object(Closure), Object(Illuminate\Http\Request))
#57 /var/www/tourism/vendor/laravel/framework/src/Illuminate/Foundation/Http/Kernel.php(122): Illuminate\Pipeline\Pipeline->then(Object(Closure))
#58 /var/www/tourism/vendor/laravel/framework/src/Illuminate/Foundation/Http/Kernel.php(87): Illuminate\Foundation\Http\Kernel->sendRequestThroughRouter(Object(Illuminate\Http\Request))
#59 /var/www/tourism/index.php(44): Illuminate\Foundation\Http\Kernel->handle(Object(Illuminate\Http\Request))
#60 {main}  
